{
  "stats": {
    "suites": 1,
    "tests": 2,
    "passes": 2,
    "pending": 0,
    "failures": 0,
    "start": "2022-05-30T06:58:10.467Z",
    "end": "2022-05-30T07:01:47.420Z",
    "duration": 216953,
    "testsRegistered": 2,
    "passPercent": 100,
    "pendingPercent": 0,
    "other": 0,
    "hasOther": false,
    "skipped": 0,
    "hasSkipped": false
  },
  "results": [
    {
      "uuid": "315fcf85-2bb4-4a9c-b437-b500c285ab2a",
      "title": "",
      "fullFile": "cypress/integration/Amazon/E2EFramework.js",
      "file": "cypress/integration/Amazon/E2EFramework.js",
      "beforeHooks": [],
      "afterHooks": [],
      "tests": [],
      "suites": [
        {
          "uuid": "e35e9717-dbc4-4d60-990d-b9e352bcb224",
          "title": "Amazon Testing ",
          "fullFile": "",
          "file": "",
          "beforeHooks": [],
          "afterHooks": [],
          "tests": [
            {
              "title": "searching order and adding to cart",
              "fullTitle": "Amazon Testing  searching order and adding to cart",
              "timedOut": null,
              "duration": 163331,
              "state": "passed",
              "speed": "slow",
              "pass": true,
              "fail": false,
              "pending": false,
              "context": null,
              "code": "const addtocartPage = new _AddtocartPage.default();\naddtocartPage.getSearchbox().type(UserData.searchiteam);\naddtocartPage.getSearchclick().click();\naddtocartPage.getremoveattr().eq(0).invoke('removeAttr', 'target').click();\naddtocartPage.getaddTocart().click();",
              "err": {},
              "uuid": "3d04c986-72e6-481e-a8ab-2cdc44cb8aee",
              "parentUUID": "e35e9717-dbc4-4d60-990d-b9e352bcb224",
              "isHook": false,
              "skipped": false
            },
            {
              "title": "procede to checkout",
              "fullTitle": "Amazon Testing  procede to checkout",
              "timedOut": null,
              "duration": 47611,
              "state": "passed",
              "speed": "slow",
              "pass": true,
              "fail": false,
              "pending": false,
              "context": null,
              "code": "const procedetobuypage = new _ProceedtoBuyPage.default();\nprocedetobuypage.getcheckoutbtnclick().click();\nprocedetobuypage.getProccedTocheckout().click();\nprocedetobuypage.getcheckoutValidation().contains(UserData.deliveryaddress);",
              "err": {},
              "uuid": "a9c3fa0a-61a5-44e9-adc9-9cf96fcda26e",
              "parentUUID": "e35e9717-dbc4-4d60-990d-b9e352bcb224",
              "isHook": false,
              "skipped": false
            }
          ],
          "suites": [],
          "passes": [
            "3d04c986-72e6-481e-a8ab-2cdc44cb8aee",
            "a9c3fa0a-61a5-44e9-adc9-9cf96fcda26e"
          ],
          "failures": [],
          "pending": [],
          "skipped": [],
          "duration": 210942,
          "root": false,
          "rootEmpty": false,
          "_timeout": 2000
        }
      ],
      "passes": [],
      "failures": [],
      "pending": [],
      "skipped": [],
      "duration": 0,
      "root": true,
      "rootEmpty": true,
      "_timeout": 2000
    }
  ],
  "meta": {
    "mocha": {
      "version": "7.0.1"
    },
    "mochawesome": {
      "options": {
        "quiet": false,
        "reportFilename": "mochawesome",
        "saveHtml": true,
        "saveJson": true,
        "consoleReporter": "spec",
        "useInlineDiffs": false,
        "code": true
      },
      "version": "7.1.3"
    },
    "marge": {
      "options": null,
      "version": "6.2.0"
    }
  }
}